0 info it worked if it ends with ok
1 verbose cli [ 'C:\\Program Files\\nodejs\\node.exe',
1 verbose cli   'C:\\Program Files\\nodejs\\node_modules\\npm\\bin\\npm-cli.js',
1 verbose cli   'install',
1 verbose cli   'react-hot',
1 verbose cli   '--save' ]
2 info using npm@3.10.9
3 info using node@v7.2.0
4 silly loadCurrentTree Starting
5 silly install loadCurrentTree
6 silly install readLocalPackageData
7 silly fetchPackageMetaData react-hot
8 silly fetchNamedPackageData react-hot
9 silly mapToRegistry name react-hot
10 silly mapToRegistry using default registry
11 silly mapToRegistry registry https://registry.npmjs.org/
12 silly mapToRegistry data Result {
12 silly mapToRegistry   raw: 'react-hot',
12 silly mapToRegistry   scope: null,
12 silly mapToRegistry   escapedName: 'react-hot',
12 silly mapToRegistry   name: 'react-hot',
12 silly mapToRegistry   rawSpec: '',
12 silly mapToRegistry   spec: 'latest',
12 silly mapToRegistry   type: 'tag' }
13 silly mapToRegistry uri https://registry.npmjs.org/react-hot
14 verbose request uri https://registry.npmjs.org/react-hot
15 verbose request no auth needed
16 info attempt registry request try #1 at 09:59:25
17 verbose request id 384a739f0efd18cc
18 http request GET https://registry.npmjs.org/react-hot
19 http 200 https://registry.npmjs.org/react-hot
20 verbose headers { server: 'nginx/1.10.1',
20 verbose headers   'content-type': 'application/json',
20 verbose headers   'last-modified': 'Fri, 12 Dec 2014 02:56:14 GMT',
20 verbose headers   etag: 'W/"548a594e-234"',
20 verbose headers   'content-encoding': 'gzip',
20 verbose headers   'cache-control': 'max-age=300',
20 verbose headers   'content-length': '335',
20 verbose headers   'accept-ranges': 'bytes',
20 verbose headers   date: 'Wed, 01 Mar 2017 01:59:26 GMT',
20 verbose headers   via: '1.1 varnish',
20 verbose headers   age: '232',
20 verbose headers   connection: 'keep-alive',
20 verbose headers   'x-served-by': 'cache-itm7424-ITM',
20 verbose headers   'x-cache': 'HIT',
20 verbose headers   'x-cache-hits': '1',
20 verbose headers   'x-timer': 'S1488333566.086735,VS0,VE0',
20 verbose headers   vary: 'Accept-Encoding' }
21 silly get cb [ 200,
21 silly get   { server: 'nginx/1.10.1',
21 silly get     'content-type': 'application/json',
21 silly get     'last-modified': 'Fri, 12 Dec 2014 02:56:14 GMT',
21 silly get     etag: 'W/"548a594e-234"',
21 silly get     'content-encoding': 'gzip',
21 silly get     'cache-control': 'max-age=300',
21 silly get     'content-length': '335',
21 silly get     'accept-ranges': 'bytes',
21 silly get     date: 'Wed, 01 Mar 2017 01:59:26 GMT',
21 silly get     via: '1.1 varnish',
21 silly get     age: '232',
21 silly get     connection: 'keep-alive',
21 silly get     'x-served-by': 'cache-itm7424-ITM',
21 silly get     'x-cache': 'HIT',
21 silly get     'x-cache-hits': '1',
21 silly get     'x-timer': 'S1488333566.086735,VS0,VE0',
21 silly get     vary: 'Accept-Encoding' } ]
22 verbose get saving react-hot to C:\Users\huangwei10\AppData\Roaming\npm-cache\registry.npmjs.org\react-hot\.cache.json
23 verbose correctMkdir C:\Users\huangwei10\AppData\Roaming\npm-cache correctMkdir not in flight; initializing
24 verbose stack TypeError: Cannot convert undefined or null to object
24 verbose stack     at Function.keys (<anonymous>)
24 verbose stack     at pickVersionFromRegistryDocument (C:\Program Files\nodejs\node_modules\npm\lib\fetch-package-metadata.js:125:29)
24 verbose stack     at C:\Program Files\nodejs\node_modules\npm\node_modules\iferr\index.js:13:50
24 verbose stack     at C:\Program Files\nodejs\node_modules\npm\lib\utils\pulse-till-done.js:20:8
24 verbose stack     at saved (C:\Program Files\nodejs\node_modules\npm\lib\cache\caching-client.js:174:7)
24 verbose stack     at C:\Program Files\nodejs\node_modules\npm\node_modules\graceful-fs\polyfills.js:241:18
24 verbose stack     at FSReqWrap.oncomplete (fs.js:111:15)
25 verbose cwd F:\React-Nodejs-learn\client\static
26 error Windows_NT 6.1.7601
27 error argv "C:\\Program Files\\nodejs\\node.exe" "C:\\Program Files\\nodejs\\node_modules\\npm\\bin\\npm-cli.js" "install" "react-hot" "--save"
28 error node v7.2.0
29 error npm  v3.10.9
30 error Cannot convert undefined or null to object
31 error If you need help, you may report this error at:
31 error     <https://github.com/npm/npm/issues>
32 verbose exit [ 1, true ]
